2026-04-09 21:26:44 | INFO    | rl_trading.data_loader | Loaded EURUSD.txt — 8557258 rows from 2003-05-06 00:00:00 to 2026-03-31 23:59:00
2026-04-09 21:26:44 | INFO    | run_trading | ======================================================================
2026-04-09 21:26:44 | INFO    | run_trading | PAIR: EURUSD  (8557258 rows)
2026-04-09 21:26:44 | INFO    | run_trading | ======================================================================
2026-04-09 21:28:00 | INFO    | rl_trading.features | Built 10 features, total rows 8557258
2026-04-09 21:28:00 | INFO    | rl_trading.wfo | WFO for EURUSD — 3 folds (6m train / 1m test)
--- Logging error ---
Traceback (most recent call last):
  File "D:\Personal folders\Programmation\Trading\Deep_learning\Trading-Reinforcement-Learning\.conda\Lib\logging\__init__.py", line 1154, in emit
    stream.write(msg + self.terminator)
    ~~~~~~~~~~~~^^^^^^^^^^^^^^^^^^^^^^^
  File "D:\Personal folders\Programmation\Trading\Deep_learning\Trading-Reinforcement-Learning\.conda\Lib\encodings\cp1252.py", line 19, in encode
    return codecs.charmap_encode(input,self.errors,encoding_table)[0]
           ~~~~~~~~~~~~~~~~~~~~~^^^^^^^^^^^^^^^^^^^^^^^^^^^^^^^^^^
UnicodeEncodeError: 'charmap' codec can't encode character '\u2192' in position 77: character maps to <undefined>
Call stack:
  File "D:\Personal folders\Programmation\Trading\Deep_learning\Trading-Reinforcement-Learning\debug_run.py", line 27, in <module>
    main()
  File "D:\Personal folders\Programmation\Trading\Deep_learning\Trading-Reinforcement-Learning\run_trading.py", line 142, in main
    report = run_wfo(
  File "D:\Personal folders\Programmation\Trading\Deep_learning\Trading-Reinforcement-Learning\rl_trading\wfo.py", line 224, in run_wfo
    logger.info(
Unable to print the message and arguments - possible formatting error.
Use the traceback above to help find the error.
--- Logging error ---
Traceback (most recent call last):
  File "D:\Personal folders\Programmation\Trading\Deep_learning\Trading-Reinforcement-Learning\.conda\Lib\logging\__init__.py", line 1154, in emit
    stream.write(msg + self.terminator)
    ~~~~~~~~~~~~^^^^^^^^^^^^^^^^^^^^^^^
  File "D:\Personal folders\Programmation\Trading\Deep_learning\Trading-Reinforcement-Learning\.conda\Lib\encodings\cp1252.py", line 19, in encode
    return codecs.charmap_encode(input,self.errors,encoding_table)[0]
           ~~~~~~~~~~~~~~~~~~~~~^^^^^^^^^^^^^^^^^^^^^^^^^^^^^^^^^^
UnicodeEncodeError: 'charmap' codec can't encode character '\u2192' in position 96: character maps to <undefined>
Call stack:
  File "D:\Personal folders\Programmation\Trading\Deep_learning\Trading-Reinforcement-Learning\debug_run.py", line 27, in <module>
    main()
  File "D:\Personal folders\Programmation\Trading\Deep_learning\Trading-Reinforcement-Learning\run_trading.py", line 142, in main
    report = run_wfo(
  File "D:\Personal folders\Programmation\Trading\Deep_learning\Trading-Reinforcement-Learning\rl_trading\wfo.py", line 257, in run_wfo
    model = build_agent(
  File "D:\Personal folders\Programmation\Trading\Deep_learning\Trading-Reinforcement-Learning\rl_trading\agent.py", line 115, in build_agent
    logger.info(
Unable to print the message and arguments - possible formatting error.
Use the traceback above to help find the error.
2026-04-09 21:31:29 | INFO    | rl_trading.agent | Step 25000 | Mean episode reward: 888.067280
